{"time":"2025-12-13 19:21:58","message":"Patient logged in successfully (ID: 820, Email: p693d4c56c2249@t.io)","context":{"action":"login_success","user_type":"patient","email":"p693d4c56c2249@t.io","patient_id":820,"name":"Test Patient"}}
{"time":"2025-12-13 16:51:58","message":"appointment_booked","context":{"pid":820,"doctor":"doctor_693d4c56c278e2.24989043","appdate":"2025-12-15","apptime":"10:00:00"}}
{"time":"2025-12-13 19:21:58","message":"Patient logged in successfully (ID: 822, Email: p693d4c56d25e7@t.io)","context":{"action":"login_success","user_type":"patient","email":"p693d4c56d25e7@t.io","patient_id":822,"name":"Test Patient"}}
{"time":"2025-12-13 19:21:58","message":"Patient logged in successfully (ID: 823, Email: p693d4c56e773e@t.io)","context":{"action":"login_success","user_type":"patient","email":"p693d4c56e773e@t.io","patient_id":823,"name":"Test Patient"}}
{"time":"2025-12-13 16:51:58","message":"appointment_booked","context":{"pid":823,"doctor":"doctor_693d4c56e7b7c3.76589756","appdate":"2025-12-16","apptime":"09:30:00"}}
{"time":"2025-12-13 19:21:59","message":"Appointment already cancelled by patient","context":{"action":"appointment_already_cancelled","user_type":"patient","pid":823,"appointment_id":"281"}}
{"time":"2025-12-13 19:21:59","message":"Doctor logged in successfully","context":{"action":"login_success","user_type":"doctor","username":"doctor_693d4c57027957.73985054"}}
{"time":"2025-12-13 19:21:59","message":"prescribe_form_submitted","context":{"method":"POST","uri":"/Software-Maintenance/views/doctor/prescribe.php","ip":"::1"}}
{"time":"2025-12-13 19:21:59","message":"Doctor clicked prescribe button","context":{"action":"prescribe_attempt","user_type":"doctor","doctor":"doctor_693d4c57027957.73985054","patient_id":"824","appointment_id":"708515","patient_name":"Test Patient","appdate":"2025-12-16","apptime":"11:00:00","disease":"Test Disease"}}
{"time":"2025-12-13 19:21:59","message":"Prescription created successfully","context":{"action":"prescription_created","user_type":"doctor","doctor":"doctor_693d4c57027957.73985054","patient_id":"824","appointment_id":"708515","patient_name":"Test Patient","appdate":"2025-12-16","apptime":"11:00:00","disease":"Test Disease","allergy":"None"}}
{"time":"2025-12-13 19:21:59","message":"Admin logged in successfully","context":{"action":"login_success","user_type":"admin","username":"admin_693d4c570eee62.09076795"}}
{"time":"2025-12-13 19:21:59","message":"Patient logged in successfully (ID: 830, Email: p693d4c5726e98@t.io)","context":{"action":"login_success","user_type":"patient","email":"p693d4c5726e98@t.io","patient_id":830,"name":"Test Patient"}}
{"time":"2025-12-13 19:21:59","message":"Patient registered successfully","context":{"action":"registration_success","user_type":"patient","patient_id":833,"email":"test_693d4c572d778@example.com","name":"Test Patient"}}
{"time":"2025-12-13 19:21:59","message":"Patient registration failed - passwords do not match","context":{"action":"registration_failed","user_type":"patient","email":"test_693d4c5732d3a@example.com","contact":"9876543210","reason":"password_mismatch"}}
{"time":"2025-12-13 19:21:59","message":"Patient registered successfully","context":{"action":"registration_success","user_type":"patient","patient_id":834,"email":"test_693d4c5735546@example.com","name":"New User"}}
{"time":"2025-12-13 22:43:48","message":"Patient logged in successfully (ID: 835, Email: p693d7ba471dac@t.io)","context":{"action":"login_success","user_type":"patient","email":"p693d7ba471dac@t.io","patient_id":835,"name":"Test Patient"}}
{"time":"2025-12-13 20:13:48","message":"appointment_booked","context":{"pid":835,"doctor":"doctor_693d7ba4734108.02673791","appdate":"2025-12-15","apptime":"10:00:00"}}
{"time":"2025-12-13 22:43:48","message":"Patient logged in successfully (ID: 837, Email: p693d7ba48838d@t.io)","context":{"action":"login_success","user_type":"patient","email":"p693d7ba48838d@t.io","patient_id":837,"name":"Test Patient"}}
{"time":"2025-12-13 22:43:48","message":"Patient logged in successfully (ID: 838, Email: p693d7ba495c9d@t.io)","context":{"action":"login_success","user_type":"patient","email":"p693d7ba495c9d@t.io","patient_id":838,"name":"Test Patient"}}
{"time":"2025-12-13 20:13:48","message":"appointment_booked","context":{"pid":838,"doctor":"doctor_693d7ba49620d5.70645363","appdate":"2025-12-16","apptime":"09:30:00"}}
{"time":"2025-12-13 22:43:48","message":"Appointment already cancelled by patient","context":{"action":"appointment_already_cancelled","user_type":"patient","pid":838,"appointment_id":"283"}}
{"time":"2025-12-13 22:43:48","message":"Doctor logged in successfully","context":{"action":"login_success","user_type":"doctor","username":"doctor_693d7ba4a609f9.43235251"}}
{"time":"2025-12-13 22:43:48","message":"prescribe_page_hit","context":{"method":"POST","uri":"/Software-Maintenance/views/doctor/prescribe.php","ip":"::1"}}
{"time":"2025-12-13 22:43:48","message":"prescribe_form_submitted","context":{"method":"POST","uri":"/Software-Maintenance/views/doctor/prescribe.php","ip":"::1"}}
{"time":"2025-12-13 22:43:48","message":"Doctor clicked prescribe button","context":{"action":"prescribe_attempt","user_type":"doctor","doctor":"doctor_693d7ba4a609f9.43235251","patient_id":"839","appointment_id":"794859","patient_name":"Test Patient","appdate":"2025-12-16","apptime":"11:00:00","disease":"Test Disease"}}
{"time":"2025-12-13 22:43:48","message":"Prescription created successfully","context":{"action":"prescription_created","user_type":"doctor","doctor":"doctor_693d7ba4a609f9.43235251","patient_id":"839","appointment_id":"794859","patient_name":"Test Patient","appdate":"2025-12-16","apptime":"11:00:00","disease":"Test Disease","allergy":"None"}}
{"time":"2025-12-13 22:43:48","message":"Admin logged in successfully","context":{"action":"login_success","user_type":"admin","username":"admin_693d7ba4ae9006.96378651"}}
{"time":"2025-12-13 22:43:48","message":"Patient logged in successfully (ID: 845, Email: p693d7ba4bf546@t.io)","context":{"action":"login_success","user_type":"patient","email":"p693d7ba4bf546@t.io","patient_id":845,"name":"Test Patient"}}
{"time":"2025-12-13 22:43:48","message":"Patient registered successfully","context":{"action":"registration_success","user_type":"patient","patient_id":848,"email":"test_693d7ba4c5a59@example.com","name":"Test Patient"}}
{"time":"2025-12-13 22:43:48","message":"Patient registration failed - passwords do not match","context":{"action":"registration_failed","user_type":"patient","email":"test_693d7ba4c9e6c@example.com","contact":"9876543210","reason":"password_mismatch"}}
{"time":"2025-12-13 22:43:48","message":"Patient registered successfully","context":{"action":"registration_success","user_type":"patient","patient_id":849,"email":"test_693d7ba4cbfe4@example.com","name":"New User"}}
{"time":"2025-12-13 22:44:01","message":"Patient logged in successfully (ID: 850, Email: p693d7bb1324ac@t.io)","context":{"action":"login_success","user_type":"patient","email":"p693d7bb1324ac@t.io","patient_id":850,"name":"Test Patient"}}
{"time":"2025-12-13 20:14:01","message":"appointment_booked","context":{"pid":850,"doctor":"doctor_693d7bb132a516.67868192","appdate":"2025-12-15","apptime":"10:00:00"}}
{"time":"2025-12-13 22:44:01","message":"Patient logged in successfully (ID: 852, Email: p693d7bb14119b@t.io)","context":{"action":"login_success","user_type":"patient","email":"p693d7bb14119b@t.io","patient_id":852,"name":"Test Patient"}}
{"time":"2025-12-13 22:44:01","message":"Patient logged in successfully (ID: 853, Email: p693d7bb14a4b2@t.io)","context":{"action":"login_success","user_type":"patient","email":"p693d7bb14a4b2@t.io","patient_id":853,"name":"Test Patient"}}
{"time":"2025-12-13 20:14:01","message":"appointment_booked","context":{"pid":853,"doctor":"doctor_693d7bb14a8614.62822192","appdate":"2025-12-16","apptime":"09:30:00"}}
{"time":"2025-12-13 22:44:01","message":"Appointment already cancelled by patient","context":{"action":"appointment_already_cancelled","user_type":"patient","pid":853,"appointment_id":"285"}}
{"time":"2025-12-13 22:44:01","message":"Doctor logged in successfully","context":{"action":"login_success","user_type":"doctor","username":"doctor_693d7bb1573729.65126787"}}
{"time":"2025-12-13 22:44:01","message":"prescribe_page_hit","context":{"method":"POST","uri":"/Software-Maintenance/views/doctor/prescribe.php","ip":"::1"}}
{"time":"2025-12-13 22:44:01","message":"prescribe_form_submitted","context":{"method":"POST","uri":"/Software-Maintenance/views/doctor/prescribe.php","ip":"::1"}}
{"time":"2025-12-13 22:44:01","message":"Doctor clicked prescribe button","context":{"action":"prescribe_attempt","user_type":"doctor","doctor":"doctor_693d7bb1573729.65126787","patient_id":"854","appointment_id":"521135","patient_name":"Test Patient","appdate":"2025-12-16","apptime":"11:00:00","disease":"Test Disease"}}
{"time":"2025-12-13 22:44:01","message":"Prescription created successfully","context":{"action":"prescription_created","user_type":"doctor","doctor":"doctor_693d7bb1573729.65126787","patient_id":"854","appointment_id":"521135","patient_name":"Test Patient","appdate":"2025-12-16","apptime":"11:00:00","disease":"Test Disease","allergy":"None"}}
{"time":"2025-12-13 22:44:01","message":"Admin logged in successfully","context":{"action":"login_success","user_type":"admin","username":"admin_693d7bb15ebce8.66645534"}}
{"time":"2025-12-13 22:44:01","message":"Patient logged in successfully (ID: 860, Email: p693d7bb16b7e8@t.io)","context":{"action":"login_success","user_type":"patient","email":"p693d7bb16b7e8@t.io","patient_id":860,"name":"Test Patient"}}
{"time":"2025-12-13 22:44:01","message":"Patient registered successfully","context":{"action":"registration_success","user_type":"patient","patient_id":863,"email":"test_693d7bb17696d@example.com","name":"Test Patient"}}
{"time":"2025-12-13 22:44:01","message":"Patient registration failed - passwords do not match","context":{"action":"registration_failed","user_type":"patient","email":"test_693d7bb17f9eb@example.com","contact":"9876543210","reason":"password_mismatch"}}
{"time":"2025-12-13 22:44:01","message":"Patient registered successfully","context":{"action":"registration_success","user_type":"patient","patient_id":864,"email":"test_693d7bb18282e@example.com","name":"New User"}}
{"time":"2025-12-13 22:44:16","message":"prescribe_page_hit","context":{"method":"POST","uri":"/Software-Maintenance/views/doctor/prescribe.php","ip":"::1"}}
{"time":"2025-12-13 22:44:16","message":"prescribe_form_submitted","context":{"method":"POST","uri":"/Software-Maintenance/views/doctor/prescribe.php","ip":"::1"}}
{"time":"2025-12-13 22:44:16","message":"Doctor clicked prescribe button","context":{"action":"prescribe_attempt","user_type":"doctor","doctor":"arun","patient_id":"15","appointment_id":"30","patient_name":"Alvin  Gay","appdate":"2025-12-22","apptime":"10:00:00","disease":"123"}}
{"time":"2025-12-13 22:44:16","message":"Prescription created successfully","context":{"action":"prescription_created","user_type":"doctor","doctor":"arun","patient_id":"15","appointment_id":"30","patient_name":"Alvin  Gay","appdate":"2025-12-22","apptime":"10:00:00","disease":"123","allergy":"123"}}
{"time":"2025-12-13 22:44:19","message":"logout_doctor_hit","context":{"method":"GET","uri":"/Software-Maintenance/actions/logout_doctor.php","ip":"::1"}}
{"time":"2025-12-13 22:44:19","message":"doctor_logout","context":{"username":"arun"}}
{"time":"2025-12-13 22:44:24","message":"Patient logged in successfully (ID: 865, Email: p693d7bc88706d@t.io)","context":{"action":"login_success","user_type":"patient","email":"p693d7bc88706d@t.io","patient_id":865,"name":"Test Patient"}}
{"time":"2025-12-13 20:14:24","message":"appointment_booked","context":{"pid":865,"doctor":"doctor_693d7bc8876533.40499388","appdate":"2025-12-15","apptime":"10:00:00"}}
{"time":"2025-12-13 22:44:24","message":"Patient logged in successfully (ID: 867, Email: p693d7bc8985d5@t.io)","context":{"action":"login_success","user_type":"patient","email":"p693d7bc8985d5@t.io","patient_id":867,"name":"Test Patient"}}
{"time":"2025-12-13 22:44:24","message":"Patient logged in successfully (ID: 868, Email: p693d7bc8a2205@t.io)","context":{"action":"login_success","user_type":"patient","email":"p693d7bc8a2205@t.io","patient_id":868,"name":"Test Patient"}}
{"time":"2025-12-13 20:14:24","message":"appointment_booked","context":{"pid":868,"doctor":"doctor_693d7bc8a273f8.97200388","appdate":"2025-12-16","apptime":"09:30:00"}}
{"time":"2025-12-13 22:44:24","message":"Appointment already cancelled by patient","context":{"action":"appointment_already_cancelled","user_type":"patient","pid":868,"appointment_id":"287"}}
{"time":"2025-12-13 22:44:24","message":"Doctor logged in successfully","context":{"action":"login_success","user_type":"doctor","username":"doctor_693d7bc8afd1a4.52077149"}}
{"time":"2025-12-13 22:44:24","message":"prescribe_page_hit","context":{"method":"POST","uri":"/Software-Maintenance/views/doctor/prescribe.php","ip":"::1"}}
{"time":"2025-12-13 22:44:24","message":"prescribe_form_submitted","context":{"method":"POST","uri":"/Software-Maintenance/views/doctor/prescribe.php","ip":"::1"}}
{"time":"2025-12-13 22:44:24","message":"Doctor clicked prescribe button","context":{"action":"prescribe_attempt","user_type":"doctor","doctor":"doctor_693d7bc8afd1a4.52077149","patient_id":"869","appointment_id":"716761","patient_name":"Test Patient","appdate":"2025-12-16","apptime":"11:00:00","disease":"Test Disease"}}
{"time":"2025-12-13 22:44:24","message":"Prescription created successfully","context":{"action":"prescription_created","user_type":"doctor","doctor":"doctor_693d7bc8afd1a4.52077149","patient_id":"869","appointment_id":"716761","patient_name":"Test Patient","appdate":"2025-12-16","apptime":"11:00:00","disease":"Test Disease","allergy":"None"}}
{"time":"2025-12-13 22:44:24","message":"Admin logged in successfully","context":{"action":"login_success","user_type":"admin","username":"admin_693d7bc8b81190.94816326"}}
{"time":"2025-12-13 22:44:24","message":"Patient logged in successfully (ID: 875, Email: p693d7bc8caecd@t.io)","context":{"action":"login_success","user_type":"patient","email":"p693d7bc8caecd@t.io","patient_id":875,"name":"Test Patient"}}
{"time":"2025-12-13 22:44:24","message":"Patient registered successfully","context":{"action":"registration_success","user_type":"patient","patient_id":878,"email":"test_693d7bc8d1fb8@example.com","name":"Test Patient"}}
{"time":"2025-12-13 22:44:24","message":"Patient registration failed - passwords do not match","context":{"action":"registration_failed","user_type":"patient","email":"test_693d7bc8d7181@example.com","contact":"9876543210","reason":"password_mismatch"}}
{"time":"2025-12-13 22:44:24","message":"Patient registered successfully","context":{"action":"registration_success","user_type":"patient","patient_id":879,"email":"test_693d7bc8dde01@example.com","name":"New User"}}
{"time":"2025-12-13 22:47:15","message":"Patient logged in successfully (ID: 880, Email: p693d7c73e6cfa@t.io)","context":{"action":"login_success","user_type":"patient","email":"p693d7c73e6cfa@t.io","patient_id":880,"name":"Test Patient"}}
{"time":"2025-12-13 20:17:15","message":"appointment_booked","context":{"pid":880,"doctor":"doctor_693d7c73e71321.08104863","appdate":"2025-12-15","apptime":"10:00:00"}}
{"time":"2025-12-13 22:47:16","message":"Patient logged in successfully (ID: 882, Email: p693d7c7401da4@t.io)","context":{"action":"login_success","user_type":"patient","email":"p693d7c7401da4@t.io","patient_id":882,"name":"Test Patient"}}
{"time":"2025-12-13 22:47:16","message":"Patient logged in successfully (ID: 883, Email: p693d7c741072d@t.io)","context":{"action":"login_success","user_type":"patient","email":"p693d7c741072d@t.io","patient_id":883,"name":"Test Patient"}}
{"time":"2025-12-13 20:17:16","message":"appointment_booked","context":{"pid":883,"doctor":"doctor_693d7c7410b4e5.56255695","appdate":"2025-12-16","apptime":"09:30:00"}}
{"time":"2025-12-13 22:47:16","message":"Appointment already cancelled by patient","context":{"action":"appointment_already_cancelled","user_type":"patient","pid":883,"appointment_id":"289"}}
{"time":"2025-12-13 22:47:16","message":"Doctor logged in successfully","context":{"action":"login_success","user_type":"doctor","username":"doctor_693d7c74201204.72667785"}}
{"time":"2025-12-13 22:47:16","message":"prescribe_page_hit","context":{"method":"POST","uri":"/Software-Maintenance/views/doctor/prescribe.php","ip":"::1"}}
{"time":"2025-12-13 22:47:16","message":"prescribe_form_submitted","context":{"method":"POST","uri":"/Software-Maintenance/views/doctor/prescribe.php","ip":"::1"}}
{"time":"2025-12-13 22:47:16","message":"Doctor clicked prescribe button","context":{"action":"prescribe_attempt","user_type":"doctor","doctor":"doctor_693d7c74201204.72667785","patient_id":"884","appointment_id":"752214","patient_name":"Test Patient","appdate":"2025-12-16","apptime":"11:00:00","disease":"Test Disease"}}
{"time":"2025-12-13 22:47:16","message":"Prescription created successfully","context":{"action":"prescription_created","user_type":"doctor","doctor":"doctor_693d7c74201204.72667785","patient_id":"884","appointment_id":"752214","patient_name":"Test Patient","appdate":"2025-12-16","apptime":"11:00:00","disease":"Test Disease","allergy":"None"}}
{"time":"2025-12-13 22:47:16","message":"Admin logged in successfully","context":{"action":"login_success","user_type":"admin","username":"admin_693d7c74286a13.77095107"}}
{"time":"2025-12-13 22:47:16","message":"Patient logged in successfully (ID: 890, Email: p693d7c743d184@t.io)","context":{"action":"login_success","user_type":"patient","email":"p693d7c743d184@t.io","patient_id":890,"name":"Test Patient"}}
{"time":"2025-12-13 22:47:16","message":"Patient registered successfully","context":{"action":"registration_success","user_type":"patient","patient_id":893,"email":"test_693d7c74477fd@example.com","name":"Test Patient"}}
{"time":"2025-12-13 22:47:16","message":"Patient registration failed - passwords do not match","context":{"action":"registration_failed","user_type":"patient","email":"test_693d7c7451787@example.com","contact":"9876543210","reason":"password_mismatch"}}
{"time":"2025-12-13 22:47:16","message":"Patient registered successfully","context":{"action":"registration_success","user_type":"patient","patient_id":894,"email":"test_693d7c7453f8a@example.com","name":"New User"}}
